[debug] [2023-04-28T07:10:15.829Z] ----------------------------------------------------------------------
[debug] [2023-04-28T07:10:15.832Z] Command:       C:\Program Files\nodejs\node.exe C:\Users\Snehal\AppData\Roaming\npm\node_modules\firebase-tools\lib\bin\firebase.js init
[debug] [2023-04-28T07:10:15.832Z] CLI Version:   11.29.1
[debug] [2023-04-28T07:10:15.833Z] Platform:      win32
[debug] [2023-04-28T07:10:15.833Z] Node Version:  v18.14.0
[debug] [2023-04-28T07:10:15.834Z] Time:          Fri Apr 28 2023 12:40:15 GMT+0530 (India Standard Time)
[debug] [2023-04-28T07:10:15.835Z] ----------------------------------------------------------------------
[debug] 
[debug] [2023-04-28T07:10:15.844Z] > command requires scopes: ["email","openid","https://www.googleapis.com/auth/cloudplatformprojects.readonly","https://www.googleapis.com/auth/firebase","https://www.googleapis.com/auth/cloud-platform"]
[debug] [2023-04-28T07:10:15.845Z] > authorizing via signed-in user (sp.opash@gmail.com)
[info] 
     ######## #### ########  ######## ########     ###     ######  ########
     ##        ##  ##     ## ##       ##     ##  ##   ##  ##       ##
     ######    ##  ########  ######   ########  #########  ######  ######
     ##        ##  ##    ##  ##       ##     ## ##     ##       ## ##
     ##       #### ##     ## ######## ########  ##     ##  ######  ########

You're about to initialize a Firebase project in this directory:

  C:\Snehal\Intern_web_development\React Projects\News-React\newsapp

Before we get started, keep in mind:

  * You are currently outside your home directory

